<?xml version="1.0" encoding="UTF-8"?>
<!-- Generated by org.testng.reporters.JUnitReportReporter -->
<testsuite hostname="DESKTOP-L12R4G4" failures="0" tests="1" name="testLayer.SignInPage" time="16.073" errors="0" timestamp="2022-12-06T06:53:15 IST" skipped="0">
  <testcase classname="testLayer.SignInPage" name="rightIDTC15" time="16.073"/>
  <system-out/>
</testsuite> <!-- testLayer.SignInPage -->
