<?xml version="1.0" encoding="UTF-8"?>
<!-- Generated by org.testng.reporters.JUnitReportReporter -->
<testsuite hostname="DESKTOP-L12R4G4" failures="0" tests="1" name="testLayer.Register" time="7.505" errors="0" timestamp="2022-12-02T04:55:07 IST" skipped="0">
  <testcase classname="testLayer.Register" name="RegExection" time="7.505"/>
  <system-out/>
</testsuite> <!-- testLayer.Register -->
